<?xml version="1.0" encoding="UTF-8"?>
<testsuite name="PangramTest" tests="10" skipped="0" failures="0" errors="0" timestamp="2016-12-18T04:03:22" hostname="Davids-MBP-4.PK5001Z" time="0.007">
  <properties/>
  <testcase name="anotherMissingCharacterX" classname="PangramTest" time="0.001"/>
  <testcase name="missingLettersReplacedByNumbers" classname="PangramTest" time="0.001"/>
  <testcase name="pangramWithMixedCaseAndPunctuation" classname="PangramTest" time="0.001"/>
  <testcase name="pangramWithOnlyLowerCase" classname="PangramTest" time="0.001"/>
  <testcase name="pangramWithNumbers" classname="PangramTest" time="0.0"/>
  <testcase name="pangramWithUnderscores" classname="PangramTest" time="0.0"/>
  <testcase name="panagramInAlphabetOtherThanAscii" classname="PangramTest" time="0.0"/>
  <testcase name="sentenceEmpty" classname="PangramTest" time="0.0"/>
  <testcase name="pangramWithNonAsciiCharacters" classname="PangramTest" time="0.0"/>
  <testcase name="missingCharacterX" classname="PangramTest" time="0.001"/>
  <system-out><![CDATA[]]></system-out>
  <system-err><![CDATA[]]></system-err>
</testsuite>
