<?xml version="1.0" encoding="UTF-8"?>
<testsuite name="MatrixTest" tests="0" skipped="0" failures="0" errors="0" timestamp="1970-01-01T00:00:00" hostname="Davids-MacBook-Pro-4.local" time="0.0">
  <properties/>
  <system-out><![CDATA[--------------------------------------------
--------------------------------------------
--------------------------------------------
[[0]]
--------------------------------------------
--------------------------------------------
--------------------------------------------
--------------------------------------------
--------------------------------------------
--------------------------------------------
[[0, 1]]
--------------------------------------------
--------------------------------------------
--------------------------------------------
--------------------------------------------
--------------------------------------------
--------------------------------------------
[[0]]
--------------------------------------------
--------------------------------------------
--------------------------------------------
--------------------------------------------
--------------------------------------------
--------------------------------------------
[[1], [1]]
--------------------------------------------
--------------------------------------------
--------------------------------------------
--------------------------------------------
--------------------------------------------
--------------------------------------------
[[0, 1]]
--------------------------------------------
--------------------------------------------
--------------------------------------------
--------------------------------------------
--------------------------------------------
--------------------------------------------
[[2, 3], [2, 3]]
--------------------------------------------
--------------------------------------------
--------------------------------------------
--------------------------------------------
--------------------------------------------
--------------------------------------------
[[0, 1, 2]]
--------------------------------------------
--------------------------------------------
--------------------------------------------
--------------------------------------------
--------------------------------------------
--------------------------------------------
[[3, 4, 5], [3, 4, 5]]
--------------------------------------------
--------------------------------------------
--------------------------------------------
--------------------------------------------
--------------------------------------------
--------------------------------------------
[[6, 7, 8], [6, 7, 8], [6, 7, 8]]
--------------------------------------------
--------------------------------------------
--------------------------------------------
--------------------------------------------
--------------------------------------------
--------------------------------------------
[[0]]
--------------------------------------------
--------------------------------------------
--------------------------------------------
--------------------------------------------
--------------------------------------------
--------------------------------------------
[[0, 1]]
--------------------------------------------
--------------------------------------------
--------------------------------------------
--------------------------------------------
--------------------------------------------
--------------------------------------------
[[0]]
--------------------------------------------
--------------------------------------------
--------------------------------------------
--------------------------------------------
--------------------------------------------
--------------------------------------------
[[1], [1]]
--------------------------------------------
--------------------------------------------
--------------------------------------------
--------------------------------------------
--------------------------------------------
--------------------------------------------
[[0, 1]]
--------------------------------------------
--------------------------------------------
--------------------------------------------
--------------------------------------------
--------------------------------------------
--------------------------------------------
[[2, 3], [2, 3]]
--------------------------------------------
--------------------------------------------
--------------------------------------------
--------------------------------------------
--------------------------------------------
--------------------------------------------
[[0, 1, 2]]
--------------------------------------------
--------------------------------------------
--------------------------------------------
--------------------------------------------
--------------------------------------------
--------------------------------------------
[[3, 4, 5], [3, 4, 5]]
--------------------------------------------
--------------------------------------------
--------------------------------------------
--------------------------------------------
--------------------------------------------
--------------------------------------------
[[6, 7, 8], [6, 7, 8], [6, 7, 8]]
--------------------------------------------
--------------------------------------------
--------------------------------------------
]]></system-out>
  <system-err><![CDATA[]]></system-err>
</testsuite>
