<?xml version="1.0" encoding="UTF-8"?>
<testsuite name="SieveTest" tests="3" skipped="0" failures="0" errors="0" timestamp="2017-05-18T02:34:09" hostname="Davids-MBP-4.fios-router.home" time="0.014">
  <properties/>
  <testcase name="findFirstPrime" classname="SieveTest" time="0.002"/>
  <testcase name="findPrimesUpTo1000" classname="SieveTest" time="0.011"/>
  <testcase name="findPrimesUpTo10" classname="SieveTest" time="0.001"/>
  <system-out><![CDATA[]]></system-out>
  <system-err><![CDATA[]]></system-err>
</testsuite>
